#-----------------------------------------------------------
# Vivado v2021.1 (64-bit)
# SW Build 3247384 on Thu Jun 10 19:36:33 MDT 2021
# IP Build 3246043 on Fri Jun 11 00:30:35 MDT 2021
# Start of session at: Wed Mar 25 08:11:03 2026
# Process ID: 57896
# Current directory: C:/dev/github8/hdl-shared/host_interfaces/fifo/VivadoProject
# Command line: vivado.exe -mode batch -source C:\dev\github8\hdl-shared\host_interfaces\fifo\objects\TCL\CheckSyntax.tcl -log C:\dev\github8\hdl-shared\host_interfaces\fifo\VivadoProject\check_syntax.log -journal C:\dev\github8\hdl-shared\host_interfaces\fifo\VivadoProject\check_syntax.jou
# Log file: C:/dev/github8/hdl-shared/host_interfaces/fifo/VivadoProject/check_syntax.log
# Journal file: C:\dev\github8\hdl-shared\host_interfaces\fifo\VivadoProject\check_syntax.jou
#-----------------------------------------------------------
Sourcing tcl script 'C:/Users/ssantolu/AppData/Roaming/Xilinx/Vivado/Vivado_init.tcl'
no such variable
    (read trace on "::env(WORKSPACE_ROOTDIR)")
    invoked from within
"file join $::env(WORKSPACE_ROOTDIR) "objects" "ip_cache""
    invoked from within
"if {[info exists ::env(IP_CACHE_DIR)]} {
    set ip_cache_dir $::env(IP_CACHE_DIR)
    puts "MSG> IP_CACHE_DIR environment variable found"
} else {
  ..."
    (file "C:/Users/ssantolu/AppData/Roaming/Xilinx/Vivado/Vivado_init.tcl" line 28)
source {C:\dev\github8\hdl-shared\host_interfaces\fifo\objects\TCL\CheckSyntax.tcl}
# open_project {HdlFifo.xpr}
WARNING: [filemgmt 56-3] Default IP Output Path : Could not find the directory 'C:/dev/github8/hdl-shared/host_interfaces/fifo/VivadoProject/HdlFifo.gen/sources_1'.
Scanning sources...
Finished scanning sources
# update_compile_order -fileset sources_1
CRITICAL WARNING: [filemgmt 20-742] The top module "tb_HdlSharedHostFifo.vhd" specified for this project can not be validated. The current project is using automatic hierarchy update mode, and hence a new suitable replacement top will be automatically selected. If this is not desired, please change the hierarchy update mode to one of the manual compile order modes first, and then set top to any desired value.
Resolution: To switch to manual update order go to the Sources view, right-click on any node in the hierarchy and in the context menu select: 'Hierarchy Update' option 'No Update' or run the following Tcl Command: set_property source_mgmt_mode None [current_project] (which is the Manual Compile Order mode).
# set_property top tb_HdlSharedHostFifo.vhd [current_fileset]
# if {[catch {
#     synth_design -rtl -top tb_HdlSharedHostFifo.vhd -part xcku040-ffva1156-2-e -name nihdl_check_syntax
# } result options]} {
#     puts stderr $result
#     if {[dict exists $options -errorinfo]} {
#         puts stderr [dict get $options -errorinfo]
#     }
#     puts "NIHDL_CHECK_SYNTAX=FAILED"
#     exit 1
# }
Command: synth_design -rtl -top tb_HdlSharedHostFifo.vhd -part xcku040-ffva1156-2-e -name nihdl_check_syntax
Starting synth_design
INFO: [Device 21-403] Loading part xcku040-ffva1156-2-e
---------------------------------------------------------------------------------
Starting RTL Elaboration : Time (s): cpu = 00:00:01 ; elapsed = 00:00:03 . Memory (MB): peak = 1228.137 ; gain = 96.238
---------------------------------------------------------------------------------
ERROR: [Synth 8-439] module 'tb_HdlSharedHostFifo.vhd' not found
---------------------------------------------------------------------------------
Finished RTL Elaboration : Time (s): cpu = 00:00:01 ; elapsed = 00:00:03 . Memory (MB): peak = 1307.402 ; gain = 175.504
---------------------------------------------------------------------------------
RTL Elaboration failed
1 Infos, 0 Warnings, 0 Critical Warnings and 2 Errors encountered.
synth_design failed
ERROR: [Vivado_Tcl 4-5] Elaboration failed - please see the console for details

RTL Elaboration failed
    while executing
"source -notrace {C:/dev/github8/hdl-shared/host_interfaces/fifo/VivadoProject/.Xil/Vivado-57896-USAUSLT-G0JXJ34/realtime\tb_HdlSharedHostFifo.vhd.tcl}"
    invoked from within
"synth_design -rtl -top tb_HdlSharedHostFifo.vhd -part xcku040-ffva1156-2-e -name nihdl_check_syntax"
NIHDL_CHECK_SYNTAX=FAILED
INFO: [Common 17-206] Exiting Vivado at Wed Mar 25 08:11:16 2026...
