#-----------------------------------------------------------
# Vivado v2021.1 (64-bit)
# SW Build 3247384 on Thu Jun 10 19:36:33 MDT 2021
# IP Build 3246043 on Fri Jun 11 00:30:35 MDT 2021
# Start of session at: Mon Mar 23 16:40:02 2026
# Process ID: 35572
# Current directory: C:/dev/github8/hdl-shared/host_interfaces/fifo/VivadoProject
# Command line: vivado.exe HdlFifo.xpr
# Log file: C:/dev/github8/hdl-shared/host_interfaces/fifo/VivadoProject/vivado.log
# Journal file: C:/dev/github8/hdl-shared/host_interfaces/fifo/VivadoProject\vivado.jou
#-----------------------------------------------------------
Sourcing tcl script 'C:/Users/ssantolu/AppData/Roaming/Xilinx/Vivado/Vivado_init.tcl'
no such variable
    (read trace on "::env(WORKSPACE_ROOTDIR)")
    invoked from within
"file join $::env(WORKSPACE_ROOTDIR) "objects" "ip_cache""
    invoked from within
"if {[info exists ::env(IP_CACHE_DIR)]} {
    set ip_cache_dir $::env(IP_CACHE_DIR)
    puts "MSG> IP_CACHE_DIR environment variable found"
} else {
  ..."
    (file "C:/Users/ssantolu/AppData/Roaming/Xilinx/Vivado/Vivado_init.tcl" line 28)
start_gui
open_project HdlFifo.xpr
WARNING: [filemgmt 56-3] Default IP Output Path : Could not find the directory 'C:/dev/github8/hdl-shared/host_interfaces/fifo/VivadoProject/HdlFifo.gen/sources_1'.
Scanning sources...
Finished scanning sources
INFO: [IP_Flow 19-234] Refreshing IP repositories
INFO: [IP_Flow 19-1704] No user IP repositories specified
INFO: [IP_Flow 19-2313] Loaded Vivado IP repository 'C:/NIFPGA/programs/Vivado2021_1/data/ip'.
update_compile_order -fileset sources_1
set_property source_mgmt_mode DisplayOnly [current_project]
exit
INFO: [Common 17-206] Exiting Vivado at Mon Mar 23 16:42:18 2026...
