#-----------------------------------------------------------
# Vivado v2021.1 (64-bit)
# SW Build 3247384 on Thu Jun 10 19:36:33 MDT 2021
# IP Build 3246043 on Fri Jun 11 00:30:35 MDT 2021
# Start of session at: Mon Mar 23 16:28:23 2026
# Process ID: 40776
# Current directory: C:/dev/github8/hdl-shared/host_interfaces/fifo/VivadoProject
# Command line: vivado.exe -mode batch -source C:\dev\github8\hdl-shared\host_interfaces\fifo\objects/TCL/CreateNewProject.tcl
# Log file: C:/dev/github8/hdl-shared/host_interfaces/fifo/VivadoProject/vivado.log
# Journal file: C:/dev/github8/hdl-shared/host_interfaces/fifo/VivadoProject\vivado.jou
#-----------------------------------------------------------
Sourcing tcl script 'C:/Users/ssantolu/AppData/Roaming/Xilinx/Vivado/Vivado_init.tcl'
no such variable
    (read trace on "::env(WORKSPACE_ROOTDIR)")
    invoked from within
"file join $::env(WORKSPACE_ROOTDIR) "objects" "ip_cache""
    invoked from within
"if {[info exists ::env(IP_CACHE_DIR)]} {
    set ip_cache_dir $::env(IP_CACHE_DIR)
    puts "MSG> IP_CACHE_DIR environment variable found"
} else {
  ..."
    (file "C:/Users/ssantolu/AppData/Roaming/Xilinx/Vivado/Vivado_init.tcl" line 28)
source {C:\dev\github8\hdl-shared\host_interfaces\fifo\objects/TCL/CreateNewProject.tcl}
# set ProjName {HdlFifo}
# create_project -force $ProjName [pwd] -part xcku040-ffva1156-2-e
# set_property target_language VHDL [current_project]
# add_files {..\..\..\deps\flexrio-deps\encrypted\common\rtl-lvfpga\lvgen\PkgCommIntConfiguration.vhd}
# add_files {..\..\..\deps\flexrio-deps\encrypted\fpgaDigitalDesigns.25.1.0f405\_h_381e204dc2\DmaPort\Dma\DmaFifo\PkgDmaPortDmaFifos.vhd}
# add_files {..\..\..\deps\flexrio-deps\encrypted\fpgaDigitalDesigns.25.1.0f405\_h_7fae59b6b5\DmaPort\Dma\Common\PkgDmaPortCommIfcStreamStates.vhd}
# add_files {..\..\..\deps\flexrio-deps\encrypted\fpgaDigitalDesigns.25.1.0f405\_h_9b2386965a\DmaPort\Dma\DmaFifo\PkgDmaPortDataPackingFifo.vhd}
# add_files {..\..\..\deps\flexrio-deps\encrypted\fpgaDigitalDesigns.25.1.0f405\_h_b0d75c529f\CommInterfaces\DmaPort\CommonFiles\PkgDmaPortCommunicationInterface.vhd}
# add_files {..\..\..\deps\flexrio-deps\encrypted\fpgaDigitalDesigns.25.1.0f405\_h_fb9f3ca7a3\CommInterfaces\DmaPort\MasterPort\PkgDmaPortCommIfcMasterPort.vhd}
# add_files {..\..\..\deps\flexrio-deps\encrypted\fpgaDigitalDesigns.25.1.0f405\source\rvi\Vivado\HDL\CommonFiles\NiCores\ClockCrossing\DoubleSync\DoubleSyncAsyncInBase.vhd}
# add_files {..\..\..\deps\flexrio-deps\encrypted\fpgaDigitalDesigns.25.1.0f405\source\rvi\Vivado\HDL\CommonFiles\NiCores\ClockCrossing\DoubleSync\DoubleSyncBase.vhd}
# add_files {..\..\..\deps\flexrio-deps\encrypted\fpgaDigitalDesigns.25.1.0f405\source\rvi\Vivado\HDL\CommonFiles\NiCores\ClockCrossing\DoubleSync\DoubleSyncBool.vhd}
# add_files {..\..\..\deps\flexrio-deps\encrypted\fpgaDigitalDesigns.25.1.0f405\source\rvi\Vivado\HDL\CommonFiles\NiCores\DFlop\DFlopUnsigned.vhd}
# add_files {..\..\..\deps\flexrio-deps\encrypted\fpgaDigitalDesigns.25.1.0f405\source\rvi\Vivado\HDL\CommonFiles\NiCores\DFlopBase\Xilinx\DFlop.vhd}
# add_files {..\..\..\deps\flexrio-deps\encrypted\nicores_CommonCores.1.0.0a26\CommonFiles\Packages\PkgNiUtilities.vhd}
# add_files {..\..\..\deps\flexrio-deps\encrypted\nicores_nidmaip.1.1.0d14\CommonFiles\Source\DMAC\PkgNiDma.vhd}
# add_files {..\..\..\deps\flexrio-deps\encrypted\nicores_nidmaip.1.1.0d14\PCIe\CommonFiles\Source\PkgCommunicationInterface.vhd}
# add_files {..\..\..\deps\flexrio-deps\encrypted\nicores_nidmaip.1.1.0d14\PCIe\US\G3x8Tandem\Source\PkgNiDmaConfig.vhd}
# add_files {..\HDL\HdlSharedInputFifoInterface.vhd}
# add_files {..\HDL\HdlSharedOutputFifoInterface.vhd}
# add_files {..\HDL\tb_HdlSharedHostFifo.vhd}
# update_compile_order -fileset sources_1
# update_compile_order -fileset sim_1
# set_property steps.synth_design.args.flatten_hierarchy "full" [get_runs -filter is_synthesis]
# set_property steps.synth_design.args.keep_equivalent_registers "true" [get_runs -filter is_synthesis]
# set_property steps.synth_design.tcl.pre {$PPRDIR/../../common/TCL/PreSynthesize.tcl} [get_runs -filter is_synthesis]
WARNING: [Runs 36-540] Run directory synth_1 does not exist. Can not find Tcl hook script file $PPRDIR/../../common/TCL/PreSynthesize.tcl.
# set_property steps.opt_design.args.directive "Explore" [get_runs -filter !is_synthesis]
# set_property steps.opt_design.args.is_enabled "true" [get_runs -filter !is_synthesis]
# set_property steps.place_design.args.directive "Explore" [get_runs -filter !is_synthesis]
# set_property steps.phys_opt_design.args.directive "Explore" [get_runs -filter !is_synthesis]
# set_property steps.phys_opt_design.args.is_enabled "true" [get_runs -filter !is_synthesis]
# set_property steps.route_design.args.directive "Explore" [get_runs -filter !is_synthesis]
# set_property steps.write_bitstream.args.bin_file "true" [get_runs -filter !is_synthesis]
# set_property steps.write_bitstream.tcl.pre {$PPRDIR/../../common/TCL/PreGenerateBitfile.tcl} [get_runs -filter !is_synthesis]
WARNING: [Runs 36-540] Run directory impl_1 does not exist. Can not find Tcl hook script file $PPRDIR/../../common/TCL/PreGenerateBitfile.tcl.
# set_property steps.post_route_phys_opt_design.args.is_enabled "false" [get_runs -filter !is_synthesis]
# set_property steps.write_bitstream.tcl.post {$PPRDIR/../../common/TCL/PostGenerateBitfile.tcl} [get_runs -filter !is_synthesis]
WARNING: [Runs 36-540] Run directory impl_1 does not exist. Can not find Tcl hook script file $PPRDIR/../../common/TCL/PostGenerateBitfile.tcl.
# set_property top tb_HdlSharedHostFifo.vhd [current_fileset]
WARNING: [Vivado 12-818] No files matched 'constraints.xdc'
# set_property used_in_synthesis true [get_files constraints.xdc]
ERROR: [Common 17-55] 'set_property' expects at least one object.
Resolution: If [get_<value>] was used to populate the object, check to make sure this command returns at least one valid object.
INFO: [Common 17-206] Exiting Vivado at Mon Mar 23 16:28:30 2026...
