
*** Running vivado
    with args -log tb_HdlSharedHostFifo.vhd.vds -m64 -product Vivado -mode batch -messageDb vivado.pb -notrace -source tb_HdlSharedHostFifo.vhd.tcl


WARNING: Default location for XILINX_VIVADO_HLS not found: 
WARNING: Default location for XILINX_HLS not found: 

****** Vivado v2021.1 (64-bit)
  **** SW Build 3247384 on Thu Jun 10 19:36:33 MDT 2021
  **** IP Build 3246043 on Fri Jun 11 00:30:35 MDT 2021
    ** Copyright 1986-2021 Xilinx, Inc. All Rights Reserved.

Sourcing tcl script 'C:/Users/ssantolu/AppData/Roaming/Xilinx/Vivado/Vivado_init.tcl'
no such variable
    (read trace on "::env(WORKSPACE_ROOTDIR)")
    invoked from within
"file join $::env(WORKSPACE_ROOTDIR) "objects" "ip_cache""
    invoked from within
"if {[info exists ::env(IP_CACHE_DIR)]} {
    set ip_cache_dir $::env(IP_CACHE_DIR)
    puts "MSG> IP_CACHE_DIR environment variable found"
} else {
  ..."
    (file "C:/Users/ssantolu/AppData/Roaming/Xilinx/Vivado/Vivado_init.tcl" line 28)
source tb_HdlSharedHostFifo.vhd.tcl -notrace
Command: synth_design -top tb_HdlSharedHostFifo.vhd -part xcku040-ffva1156-2-e
Starting synth_design
Attempting to get a license for feature 'Synthesis' and/or device 'xcku040'
INFO: [Common 17-349] Got license for feature 'Synthesis' and/or device 'xcku040'
INFO: [Common 17-1540] The version limit for your license is '2022.12' and has expired for new software. A version limit expiration means that, although you may be able to continue to use the current version of tools or IP with this license, you will not be eligible for any updates or new releases.
INFO: [Synth 8-7079] Multithreading enabled for synth_design using a maximum of 2 processes.
INFO: [Synth 8-7078] Launching helper process for spawning children vivado processes
INFO: [Synth 8-7075] Helper process launched with PID 54872
---------------------------------------------------------------------------------
Starting Synthesize : Time (s): cpu = 00:00:01 ; elapsed = 00:00:03 . Memory (MB): peak = 1132.770 ; gain = 0.000
---------------------------------------------------------------------------------
ERROR: [Synth 8-439] module 'tb_HdlSharedHostFifo.vhd' not found
---------------------------------------------------------------------------------
Finished Synthesize : Time (s): cpu = 00:00:01 ; elapsed = 00:00:04 . Memory (MB): peak = 1132.770 ; gain = 0.000
---------------------------------------------------------------------------------
synthesize failed
INFO: [Common 17-83] Releasing license: Synthesis
6 Infos, 0 Warnings, 0 Critical Warnings and 2 Errors encountered.
synth_design failed
ERROR: [Common 17-69] Command failed: Vivado Synthesis failed
INFO: [Common 17-206] Exiting Vivado at Wed Mar 25 08:08:16 2026...
