Vivado Simulator v2021.1
Copyright 1986-1999, 2001-2021 Xilinx, Inc. All Rights Reserved.
Running: C:/NIFPGA/programs/Vivado2021_1/bin/unwrapped/win64.o/xelab.exe -wto 7fc312eb3de44a2ba091d6a77bb172f0 --incr --debug typical --relax --mt 2 -L xil_defaultlib -L secureip --snapshot tb_HdlSharedHostFifo_behav xil_defaultlib.tb_HdlSharedHostFifo -log elaborate.log 
Using 2 slave threads.
Starting static elaboration
Completed static elaboration
Starting simulation data flow analysis
Completed simulation data flow analysis
Time Resolution for simulation is 1ps
Compiling package std.standard
Compiling package std.textio
Compiling package ieee.std_logic_1164
Compiling package ieee.numeric_std
Compiling package xil_defaultlib.pkgniutilities
Compiling package xil_defaultlib.pkgcommunicationinterface
Compiling package xil_defaultlib.pkgcommintconfiguration
Compiling package xil_defaultlib.pkgnidmaconfig
Compiling package ieee.math_real
Compiling package ieee.std_logic_textio
Compiling package xil_defaultlib.pkgnisimtype
Compiling package xil_defaultlib.pkgnistring
Compiling package xil_defaultlib.pkgscoreboard
Compiling package xil_defaultlib.pkgnisim
Compiling package xil_defaultlib.pkgxreg
Compiling package xil_defaultlib.pkgbaggageregtyperegmap
Compiling package xil_defaultlib.pkgnidmaregmap
Compiling package xil_defaultlib.pkgnidma
Compiling package xil_defaultlib.pkgdmaportcommifcmasterport
Compiling package xil_defaultlib.pkgdmaportcommunicationinterface
Compiling package xil_defaultlib.pkgdmaportcommifcstreamstates
Compiling package xil_defaultlib.pkgdmaportdatapackingfifo
Compiling package xil_defaultlib.pkgdmaportdmafifos
Compiling package unisim.vcomponents
Compiling package ieee.vital_timing
Compiling package ieee.vital_primitives
Compiling package unisim.vpkg
Compiling package xil_defaultlib.pkggray
Compiling package xil_defaultlib.pkgnifpgafifo
Compiling package xil_defaultlib.pkgfpgadevicespecs
Compiling package xil_defaultlib.pkgonehot
Compiling package xil_defaultlib.pkgbytearray
Compiling architecture rtl of entity xil_defaultlib.DFlopSlvResetVal [\DFlopSlvResetVal(kwidth=2,krese...]
Compiling architecture rtl of entity xil_defaultlib.HandshakeBaseResetCross [\HandshakeBaseResetCross(kdatawi...]
Compiling architecture rtl of entity xil_defaultlib.DmaPortCommIfcComponentStateTransitionEnableChain [dmaportcommifccomponentstatetran...]
Compiling architecture rtl of entity xil_defaultlib.DmaPortCommIfcComponentInputStateHolder [dmaportcommifccomponentinputstat...]
Compiling architecture rtl of entity xil_defaultlib.TimeoutManager [timeoutmanager_default]
Compiling architecture fdce_v of entity unisim.FDCE [fdce_default]
Compiling architecture rtl of entity xil_defaultlib.DFlop [\DFlop(1,5)\]
Compiling architecture rtl of entity xil_defaultlib.DFlop [\DFlop(kasyncreg="true")(1,4)\]
Compiling architecture rtl of entity xil_defaultlib.DoubleSyncAsyncInBase [doublesyncasyncinbase_default]
Compiling architecture behavior of entity xil_defaultlib.DoubleSyncBase [doublesyncbase_default]
Compiling architecture behavior of entity xil_defaultlib.DoubleSyncBool [doublesyncbool_default]
Compiling architecture behavior of entity xil_defaultlib.PulseSyncBase [pulsesyncbase_default]
Compiling architecture rtl of entity xil_defaultlib.NiFpgaPulseSyncBaseWrapper [nifpgapulsesyncbasewrapper_defau...]
Compiling architecture behavior of entity xil_defaultlib.PulseSyncBool [pulsesyncbool_default]
Compiling architecture rtl of entity xil_defaultlib.NiFpgaFifoPortReset [\NiFpgaFifoPortReset(kclearpushc...]
Compiling architecture rtl of entity xil_defaultlib.NiFpgaFifoClearControl [\NiFpgaFifoClearControl(kclearpu...]
Compiling architecture rtl of entity xil_defaultlib.DmaPortCommIfcComponentEnableChain [dmaportcommifccomponentenablecha...]
Compiling architecture rtl of entity xil_defaultlib.DmaPortCommIfcComponentStreamStateEnableChain [dmaportcommifccomponentstreamsta...]
Compiling architecture rtl of entity xil_defaultlib.DFlopSlvResetVal [\DFlopSlvResetVal(kwidth=15,kres...]
Compiling architecture rtl of entity xil_defaultlib.DmaPortFifoPtrClockCrossing [\DmaPortFifoPtrClockCrossing(kpt...]
Compiling architecture rtl of entity xil_defaultlib.DFlopGray [\DFlopGray(kresetval=(others=>'0...]
Compiling architecture fdpe_v of entity unisim.FDPE [fdpe_default]
Compiling architecture rtl of entity xil_defaultlib.DFlop [\DFlop(kresetval='1',kasyncreg="...]
Compiling architecture rtl of entity xil_defaultlib.DFlopBool [\DFlopBool(kresetval=true,kasync...]
Compiling architecture rtl of entity xil_defaultlib.DmaPortFifoSyncGrayCounters [\DmaPortFifoSyncGrayCounters(kwi...]
Compiling architecture rtl of entity xil_defaultlib.DFlopBool [\DFlopBool(1,5)\]
Compiling architecture rtl of entity xil_defaultlib.DFlopSlvResetVal [\DFlopSlvResetVal(kwidth=13,kres...]
Compiling architecture rtl of entity xil_defaultlib.DFlop [\DFlop(kresetval='1')(1,5)\]
Compiling architecture rtl of entity xil_defaultlib.DFlopBool [\DFlopBool(kresetval=true)(1,5)\]
Compiling architecture fdce_1_v of entity unisim.FDCE_1 [fdce_1_default]
Compiling architecture rtl of entity xil_defaultlib.DFlopFallingEdge [\DFlopFallingEdge(kasyncreg="tru...]
Compiling architecture rtl of entity xil_defaultlib.DFlopBoolFallingEdge [\DFlopBoolFallingEdge(kasyncreg=...]
Compiling architecture rtl of entity xil_defaultlib.DFlopBool [\DFlopBool(kasyncreg="true")(1,4...]
Compiling architecture rtl of entity xil_defaultlib.ResetSync [resetsync_default]
Compiling architecture rtl of entity xil_defaultlib.ResetSync [\ResetSync(kspeedupwithfallinged...]
Compiling architecture rtl of entity xil_defaultlib.HandshakeBaseResetCross [\HandshakeBaseResetCross(kdatawi...]
Compiling architecture rtl of entity xil_defaultlib.DmaPortInStrmFifoFlags [\DmaPortInStrmFifoFlags(kaddress...]
Compiling architecture rtl of entity xil_defaultlib.NiFpgaSimpleDualPortRAM_ByteEnable [\NiFpgaSimpleDualPortRAM_ByteEna...]
Compiling architecture rtl of entity xil_defaultlib.DmaPortCommIfcSimpleDualPortRAM_ByteEnable [\DmaPortCommIfcSimpleDualPortRAM...]
Compiling architecture rtl of entity xil_defaultlib.DmaPortInStrmDPRAM [\DmaPortInStrmDPRAM(kaddresswidt...]
Compiling architecture rtl of entity xil_defaultlib.DmaPortInStrmFifo [\DmaPortInStrmFifo(kaddresswidth...]
Compiling architecture rtl of entity xil_defaultlib.NiFpgaFifoCountControl [\NiFpgaFifoCountControl(kwidth=1...]
Compiling architecture structure of entity xil_defaultlib.HdlSharedInputFifoInterface [\HdlSharedInputFifoInterface(kdi...]
Compiling architecture rtl of entity xil_defaultlib.DmaPortCommIfcComponentOutputStateHolder [dmaportcommifccomponentoutputsta...]
Compiling architecture rtl of entity xil_defaultlib.NiFpgaFifoPortReset [\NiFpgaFifoPortReset(kclearpopcl...]
Compiling architecture rtl of entity xil_defaultlib.NiFpgaFifoClearControl [\NiFpgaFifoClearControl(kclearpo...]
Compiling architecture rtl of entity xil_defaultlib.DmaPortCommIfcComponentEnableChain [\DmaPortCommIfcComponentEnableCh...]
Compiling architecture rtl of entity xil_defaultlib.NiFpgaFlipFlopFifo [\NiFpgaFlipFlopFifo(kwidth=32,kd...]
Compiling architecture rtl of entity xil_defaultlib.NiFpgaFifoPopBuffer [\NiFpgaFifoPopBuffer(kelementwid...]
Compiling architecture rtl of entity xil_defaultlib.DFlopSlvResetVal [\DFlopSlvResetVal(kwidth=16,kres...]
Compiling architecture rtl of entity xil_defaultlib.DmaPortFifoPtrClockCrossing [\DmaPortFifoPtrClockCrossing(kpt...]
Compiling architecture rtl of entity xil_defaultlib.DmaPortOutStrmFifoFlags [\DmaPortOutStrmFifoFlags(kaddres...]
Compiling architecture rtl of entity xil_defaultlib.DmaPortOutStrmDPRAM [\DmaPortOutStrmDPRAM(kaddresswid...]
Compiling architecture rtl of entity xil_defaultlib.DmaPortOutStrmFifo [\DmaPortOutStrmFifo(kaddresswidt...]
Compiling architecture rtl of entity xil_defaultlib.NiFpgaFifoCountControl [\NiFpgaFifoCountControl(kwidth=1...]
Compiling architecture rtl of entity xil_defaultlib.DFlopSlvResetVal [\DFlopSlvResetVal(kwidth=14,kres...]
Compiling architecture rtl of entity xil_defaultlib.HandshakeBaseResetCross [\HandshakeBaseResetCross(kdatawi...]
Compiling architecture structure of entity xil_defaultlib.HdlSharedOutputFifoInterface [\HdlSharedOutputFifoInterface(kd...]
Compiling architecture sim of entity xil_defaultlib.tb_hdlsharedhostfifo
Built simulation snapshot tb_HdlSharedHostFifo_behav
