INFO: [VRFC 10-163] Analyzing VHDL file "C:/dev/github8/hdl-shared/deps/flexrio-deps/encrypted/nicores_CommonCores.1.0.0a26/CommonFiles/Packages/PkgNiUtilities.vhd" into library xil_defaultlib
INFO: [VRFC 10-163] Analyzing VHDL file "C:/dev/github8/hdl-shared/deps/flexrio-deps/encrypted/fpgaDigitalDesigns.25.1.0f405/source/rvi/Vivado/HDL/CommonFiles/NiCores/DFlopBase/Xilinx/DFlop.vhd" into library xil_defaultlib
INFO: [VRFC 10-3107] analyzing entity 'DFlop'
INFO: [VRFC 10-163] Analyzing VHDL file "C:/dev/github8/hdl-shared/deps/flexrio-deps/encrypted/fpgaDigitalDesigns.25.1.0f405/source/rvi/Vivado/HDL/CommonFiles/NiCores/DFlop/DFlopBool.vhd" into library xil_defaultlib
INFO: [VRFC 10-3107] analyzing entity 'DFlopBool'
INFO: [VRFC 10-163] Analyzing VHDL file "C:/dev/github8/hdl-shared/deps/flexrio-deps/encrypted/fpgaDigitalDesigns.25.1.0f405/source/rvi/Vivado/HDL/CommonFiles/NiCores/DFlopBase/Xilinx/DFlopFallingEdge.vhd" into library xil_defaultlib
INFO: [VRFC 10-3107] analyzing entity 'DFlopFallingEdge'
INFO: [VRFC 10-163] Analyzing VHDL file "C:/dev/github8/hdl-shared/deps/flexrio-deps/encrypted/fpgaDigitalDesigns.25.1.0f405/source/rvi/Vivado/HDL/CommonFiles/NiCores/DFlop/DFlopBoolFallingEdge.vhd" into library xil_defaultlib
INFO: [VRFC 10-3107] analyzing entity 'DFlopBoolFallingEdge'
INFO: [VRFC 10-163] Analyzing VHDL file "C:/dev/github8/hdl-shared/deps/flexrio-deps/encrypted/nicores_CommonCores.1.0.0a26/CommonFiles/Packages/PkgGray.vhd" into library xil_defaultlib
INFO: [VRFC 10-163] Analyzing VHDL file "C:/dev/github8/hdl-shared/deps/flexrio-deps/encrypted/fpgaDigitalDesigns.25.1.0f405/source/rvi/Vivado/HDL/CommonFiles/NiCores/DFlop/DFlopGray.vhd" into library xil_defaultlib
INFO: [VRFC 10-3107] analyzing entity 'DFlopGray'
INFO: [VRFC 10-163] Analyzing VHDL file "C:/dev/github8/hdl-shared/deps/flexrio-deps/encrypted/fpgaDigitalDesigns.25.1.0f405/source/rvi/Vivado/HDL/CommonFiles/NiCores/DFlop/DFlopSlvResetVal.vhd" into library xil_defaultlib
INFO: [VRFC 10-3107] analyzing entity 'DFlopSlvResetVal'
INFO: [VRFC 10-163] Analyzing VHDL file "C:/dev/github8/hdl-shared/deps/flexrio-deps/encrypted/fpgaDigitalDesigns.25.1.0f405/source/rvi/Vivado/HDL/CommonFiles/NiCores/DFlop/DFlopUnsigned.vhd" into library xil_defaultlib
INFO: [VRFC 10-3107] analyzing entity 'DFlopUnsigned'
INFO: [VRFC 10-163] Analyzing VHDL file "C:/dev/github8/hdl-shared/deps/flexrio-deps/encrypted/nicores_nidmaip.1.1.0d14/PCIe/CommonFiles/Source/PkgCommunicationInterface.vhd" into library xil_defaultlib
INFO: [VRFC 10-163] Analyzing VHDL file "C:/dev/github8/hdl-shared/deps/flexrio-deps/encrypted/common/rtl-lvfpga/lvgen/PkgCommIntConfiguration.vhd" into library xil_defaultlib
INFO: [VRFC 10-163] Analyzing VHDL file "C:/dev/github8/hdl-shared/host_interfaces/fifo/objects/gatheredfiles/PkgNiDmaConfig.vhd" into library xil_defaultlib
INFO: [VRFC 10-163] Analyzing VHDL file "C:/dev/github8/hdl-shared/deps/flexrio-deps/encrypted/nicores_CommonCores.1.0.0a26/CommonFiles/Packages/PkgNiSimType.vhd" into library xil_defaultlib
INFO: [VRFC 10-163] Analyzing VHDL file "C:/dev/github8/hdl-shared/deps/flexrio-deps/encrypted/nicores_CommonCores.1.0.0a26/CommonFiles/Packages/PkgNiString.vhd" into library xil_defaultlib
INFO: [VRFC 10-163] Analyzing VHDL file "C:/dev/github8/hdl-shared/deps/flexrio-deps/encrypted/nicores_CommonCores.1.0.0a26/CommonFiles/Packages/PkgScoreboard.vhd" into library xil_defaultlib
INFO: [VRFC 10-163] Analyzing VHDL file "C:/dev/github8/hdl-shared/deps/flexrio-deps/encrypted/nicores_CommonCores.1.0.0a26/CommonFiles/Packages/PkgNiSim.vhd" into library xil_defaultlib
INFO: [VRFC 10-163] Analyzing VHDL file "C:/dev/github8/hdl-shared/deps/flexrio-deps/encrypted/nicores_CommonCores.1.0.0a26/CommonFiles/Packages/PkgXReg.vhd" into library xil_defaultlib
INFO: [VRFC 10-163] Analyzing VHDL file "C:/dev/github8/hdl-shared/deps/flexrio-deps/encrypted/nicores_nidmaip.1.1.0d14/CommonFiles/Source/DMAC/PkgBaggageRegTypeRegMap.vhd" into library xil_defaultlib
INFO: [VRFC 10-163] Analyzing VHDL file "C:/dev/github8/hdl-shared/deps/flexrio-deps/encrypted/nicores_nidmaip.1.1.0d14/CommonFiles/Source/DMAC/PkgNiDmaRegMap.vhd" into library xil_defaultlib
INFO: [VRFC 10-163] Analyzing VHDL file "C:/dev/github8/hdl-shared/deps/flexrio-deps/encrypted/nicores_nidmaip.1.1.0d14/CommonFiles/Source/DMAC/PkgNiDma.vhd" into library xil_defaultlib
INFO: [VRFC 10-163] Analyzing VHDL file "C:/dev/github8/hdl-shared/deps/flexrio-deps/encrypted/fpgaDigitalDesigns.25.1.0f405/_h_fb9f3ca7a3/CommInterfaces/DmaPort/MasterPort/PkgDmaPortCommIfcMasterPort.vhd" into library xil_defaultlib
INFO: [VRFC 10-163] Analyzing VHDL file "C:/dev/github8/hdl-shared/deps/flexrio-deps/encrypted/fpgaDigitalDesigns.25.1.0f405/_h_b0d75c529f/CommInterfaces/DmaPort/CommonFiles/PkgDmaPortCommunicationInterface.vhd" into library xil_defaultlib
INFO: [VRFC 10-163] Analyzing VHDL file "C:/dev/github8/hdl-shared/deps/flexrio-deps/encrypted/fpgaDigitalDesigns.25.1.0f405/distribution/release/fpgaDigitalDesigns/LabVIEW/rvi/Vivado/HDL/Timing/source/TimeoutManager.vhd" into library xil_defaultlib
INFO: [VRFC 10-3107] analyzing entity 'TimeoutManager'
INFO: [VRFC 10-163] Analyzing VHDL file "C:/dev/github8/hdl-shared/deps/flexrio-deps/encrypted/fpgaDigitalDesigns.25.1.0f405/source/rvi/Vivado/HDL/CommonFiles/NiCores/ClockCrossing/DoubleSync/DoubleSyncAsyncInBase.vhd" into library xil_defaultlib
INFO: [VRFC 10-3107] analyzing entity 'DoubleSyncAsyncInBase'
INFO: [VRFC 10-163] Analyzing VHDL file "C:/dev/github8/hdl-shared/deps/flexrio-deps/encrypted/fpgaDigitalDesigns.25.1.0f405/source/rvi/Vivado/HDL/CommonFiles/NiCores/ClockCrossing/DoubleSync/DoubleSyncBase.vhd" into library xil_defaultlib
INFO: [VRFC 10-3107] analyzing entity 'DoubleSyncBase'
INFO: [VRFC 10-163] Analyzing VHDL file "C:/dev/github8/hdl-shared/deps/flexrio-deps/encrypted/fpgaDigitalDesigns.25.1.0f405/source/rvi/Vivado/HDL/CommonFiles/NiCores/ClockCrossing/DoubleSync/DoubleSyncBool.vhd" into library xil_defaultlib
INFO: [VRFC 10-3107] analyzing entity 'DoubleSyncBool'
INFO: [VRFC 10-163] Analyzing VHDL file "C:/dev/github8/hdl-shared/deps/flexrio-deps/encrypted/fpgaDigitalDesigns.25.1.0f405/source/rvi/Vivado/HDL/CommonFiles/NiCores/ClockCrossing/PulseSync/PulseSyncBase.vhd" into library xil_defaultlib
INFO: [VRFC 10-3107] analyzing entity 'PulseSyncBase'
INFO: [VRFC 10-163] Analyzing VHDL file "C:/dev/github8/hdl-shared/deps/flexrio-deps/encrypted/fpgaDigitalDesigns.25.1.0f405/source/rvi/Vivado/HDL/CommonFiles/NiCores/ClockCrossing/PulseSync/PulseSyncBool.vhd" into library xil_defaultlib
INFO: [VRFC 10-3107] analyzing entity 'PulseSyncBool'
INFO: [VRFC 10-163] Analyzing VHDL file "C:/dev/github8/hdl-shared/deps/flexrio-deps/encrypted/fpgaDigitalDesigns.25.1.0f405/_h_f7a2160f0a/NiFpgaCores/ClockCrossing/PulseSync/NiFpgaPulseSyncBaseWrapper.vhd" into library xil_defaultlib
INFO: [VRFC 10-3107] analyzing entity 'NiFpgaPulseSyncBaseWrapper'
INFO: [VRFC 10-163] Analyzing VHDL file "C:/dev/github8/hdl-shared/deps/flexrio-deps/encrypted/fpgaDigitalDesigns.25.1.0f405/_h_54399e566f/source/NiFpgaFifoPortReset/Source/NiFpgaFifoPortReset.vhd" into library xil_defaultlib
INFO: [VRFC 10-3107] analyzing entity 'NiFpgaFifoPortReset'
INFO: [VRFC 10-163] Analyzing VHDL file "C:/dev/github8/hdl-shared/deps/flexrio-deps/encrypted/fpgaDigitalDesigns.25.1.0f405/_h_5b65d0e8ad/source/NiFpgaFifoClearControl/Source/NiFpgaFifoClearControl.vhd" into library xil_defaultlib
INFO: [VRFC 10-3107] analyzing entity 'NiFpgaFifoClearControl'
INFO: [VRFC 10-163] Analyzing VHDL file "C:/dev/github8/hdl-shared/deps/flexrio-deps/encrypted/fpgaDigitalDesigns.25.1.0f405/_h_5b96c0056b/DmaPort/Dma/DmaFifo/DmaPortCommIfcComponentEnableChain.vhd" into library xil_defaultlib
INFO: [VRFC 10-3107] analyzing entity 'DmaPortCommIfcComponentEnableChain'
INFO: [VRFC 10-163] Analyzing VHDL file "C:/dev/github8/hdl-shared/deps/flexrio-deps/encrypted/fpgaDigitalDesigns.25.1.0f405/_h_7fae59b6b5/DmaPort/Dma/Common/PkgDmaPortCommIfcStreamStates.vhd" into library xil_defaultlib
INFO: [VRFC 10-163] Analyzing VHDL file "C:/dev/github8/hdl-shared/deps/flexrio-deps/encrypted/fpgaDigitalDesigns.25.1.0f405/_h_1eed6bb841/DmaPort/Dma/DmaFifo/DmaPortCommIfcComponentInputStateHolder.vhd" into library xil_defaultlib
INFO: [VRFC 10-3107] analyzing entity 'DmaPortCommIfcComponentInputStateHolder'
INFO: [VRFC 10-163] Analyzing VHDL file "C:/dev/github8/hdl-shared/deps/flexrio-deps/encrypted/fpgaDigitalDesigns.25.1.0f405/_h_e45f61ea54/DmaPort/Dma/DmaFifo/DmaPortCommIfcComponentOutputStateHolder.vhd" into library xil_defaultlib
INFO: [VRFC 10-3107] analyzing entity 'DmaPortCommIfcComponentOutputStateHolder'
INFO: [VRFC 10-163] Analyzing VHDL file "C:/dev/github8/hdl-shared/deps/flexrio-deps/encrypted/fpgaDigitalDesigns.25.1.0f405/source/rvi/Vivado/HDL/CommonFiles/NiCores/ClockCrossing/Handshake/ResetSync.vhd" into library xil_defaultlib
INFO: [VRFC 10-3107] analyzing entity 'ResetSync'
INFO: [VRFC 10-163] Analyzing VHDL file "C:/dev/github8/hdl-shared/deps/flexrio-deps/encrypted/fpgaDigitalDesigns.25.1.0f405/source/rvi/Vivado/HDL/CommonFiles/NiCores/ClockCrossing/Handshake/HandshakeBaseResetCross.vhd" into library xil_defaultlib
INFO: [VRFC 10-3107] analyzing entity 'HandshakeBaseResetCross'
INFO: [VRFC 10-163] Analyzing VHDL file "C:/dev/github8/hdl-shared/deps/flexrio-deps/encrypted/fpgaDigitalDesigns.25.1.0f405/_h_0f2d09f163/DmaPort/Dma/DmaFifo/DmaPortCommIfcComponentStateTransitionEnableChain.vhd" into library xil_defaultlib
INFO: [VRFC 10-3107] analyzing entity 'DmaPortCommIfcComponentStateTransitionEnableChain'
INFO: [VRFC 10-163] Analyzing VHDL file "C:/dev/github8/hdl-shared/deps/flexrio-deps/encrypted/fpgaDigitalDesigns.25.1.0f405/_h_1e01a464f5/DmaPort/Dma/DmaFifo/DmaPortCommIfcComponentStreamStateEnableChain.vhd" into library xil_defaultlib
INFO: [VRFC 10-3107] analyzing entity 'DmaPortCommIfcComponentStreamStateEnableChain'
INFO: [VRFC 10-163] Analyzing VHDL file "C:/dev/github8/hdl-shared/deps/flexrio-deps/encrypted/fpgaDigitalDesigns.25.1.0f405/_h_165982fc9e/NiFpgaCores/Xilinx/RAM/NiFpgaSimpleDualPortRAM_ByteEnable.vhd" into library xil_defaultlib
INFO: [VRFC 10-3107] analyzing entity 'NiFpgaSimpleDualPortRAM_ByteEnable'
INFO: [VRFC 10-163] Analyzing VHDL file "C:/dev/github8/hdl-shared/deps/flexrio-deps/encrypted/fpgaDigitalDesigns.25.1.0f405/_h_3d99bdc97b/DmaPort/Dma/DmaFifo/DmaPortCommIfcSimpleDualPortRAM_ByteEnable.vhd" into library xil_defaultlib
INFO: [VRFC 10-3107] analyzing entity 'DmaPortCommIfcSimpleDualPortRAM_ByteEnable'
INFO: [VRFC 10-163] Analyzing VHDL file "C:/dev/github8/hdl-shared/deps/flexrio-deps/encrypted/fpgaDigitalDesigns.25.1.0f405/_h_8bfb4cd1ff/DmaPort/Dma/DmaFifo/DmaPortFifoPtrClockCrossing.vhd" into library xil_defaultlib
INFO: [VRFC 10-3107] analyzing entity 'DmaPortFifoPtrClockCrossing'
INFO: [VRFC 10-163] Analyzing VHDL file "C:/dev/github8/hdl-shared/deps/flexrio-deps/encrypted/fpgaDigitalDesigns.25.1.0f405/_h_68d7164f19/DmaPort/Dma/DmaFifo/DmaPortFifoSyncGrayCounters.vhd" into library xil_defaultlib
INFO: [VRFC 10-3107] analyzing entity 'DmaPortFifoSyncGrayCounters'
INFO: [VRFC 10-163] Analyzing VHDL file "C:/dev/github8/hdl-shared/deps/flexrio-deps/encrypted/fpgaDigitalDesigns.25.1.0f405/_h_9b2386965a/DmaPort/Dma/DmaFifo/PkgDmaPortDataPackingFifo.vhd" into library xil_defaultlib
INFO: [VRFC 10-163] Analyzing VHDL file "C:/dev/github8/hdl-shared/deps/flexrio-deps/encrypted/fpgaDigitalDesigns.25.1.0f405/_h_265da687ac/Dma/DmaFifo/InputDataPackFifo/DmaPortInStrmDPRAM.vhd" into library xil_defaultlib
INFO: [VRFC 10-3107] analyzing entity 'DmaPortInStrmDPRAM'
INFO: [VRFC 10-163] Analyzing VHDL file "C:/dev/github8/hdl-shared/deps/flexrio-deps/encrypted/fpgaDigitalDesigns.25.1.0f405/_h_05f1d0cc85/Dma/DmaFifo/InputDataPackFifo/DmaPortInStrmFifoFlags.vhd" into library xil_defaultlib
INFO: [VRFC 10-3107] analyzing entity 'DmaPortInStrmFifoFlags'
INFO: [VRFC 10-163] Analyzing VHDL file "C:/dev/github8/hdl-shared/deps/flexrio-deps/encrypted/fpgaDigitalDesigns.25.1.0f405/_h_1d73c6a7a5/Dma/DmaFifo/InputDataPackFifo/DmaPortInStrmFifo.vhd" into library xil_defaultlib
INFO: [VRFC 10-3107] analyzing entity 'DmaPortInStrmFifo'
INFO: [VRFC 10-163] Analyzing VHDL file "C:/dev/github8/hdl-shared/deps/flexrio-deps/encrypted/nicores_CommonCores.1.0.0a26/CommonFiles/Packages/PkgOneHot.vhd" into library xil_defaultlib
INFO: [VRFC 10-163] Analyzing VHDL file "C:/dev/github8/hdl-shared/deps/flexrio-deps/encrypted/nicores_CommonCores.1.0.0a26/CommonFiles/Packages/PkgByteArray.vhd" into library xil_defaultlib
INFO: [VRFC 10-163] Analyzing VHDL file "C:/dev/github8/hdl-shared/deps/flexrio-deps/encrypted/fpgaDigitalDesigns.25.1.0f405/_h_6e2a26a045/Dma/DmaFifo/OutputDataPackFifo/DmaPortOutStrmDPRAM.vhd" into library xil_defaultlib
INFO: [VRFC 10-3107] analyzing entity 'DmaPortOutStrmDPRAM'
INFO: [VRFC 10-163] Analyzing VHDL file "C:/dev/github8/hdl-shared/deps/flexrio-deps/encrypted/fpgaDigitalDesigns.25.1.0f405/_h_051d445cab/Dma/DmaFifo/OutputDataPackFifo/DmaPortOutStrmFifoFlags.vhd" into library xil_defaultlib
INFO: [VRFC 10-3107] analyzing entity 'DmaPortOutStrmFifoFlags'
INFO: [VRFC 10-163] Analyzing VHDL file "C:/dev/github8/hdl-shared/deps/flexrio-deps/encrypted/fpgaDigitalDesigns.25.1.0f405/_h_5a1c34a822/Dma/DmaFifo/OutputDataPackFifo/DmaPortOutStrmFifo.vhd" into library xil_defaultlib
INFO: [VRFC 10-3107] analyzing entity 'DmaPortOutStrmFifo'
INFO: [VRFC 10-163] Analyzing VHDL file "C:/dev/github8/hdl-shared/deps/flexrio-deps/encrypted/fpgaDigitalDesigns.25.1.0f405/source/rvi/Vivado/HDL/CommonFiles/NiCores/ClockCrossing/Handshake/HandshakeBase.vhd" into library xil_defaultlib
INFO: [VRFC 10-3107] analyzing entity 'HandshakeBase'
INFO: [VRFC 10-163] Analyzing VHDL file "C:/dev/github8/hdl-shared/deps/flexrio-deps/encrypted/fpgaDigitalDesigns.25.1.0f405/source/rvi/Vivado/HDL/CommonFiles/NiCores/ClockCrossing/Handshake/HandshakeSLV.vhd" into library xil_defaultlib
INFO: [VRFC 10-3107] analyzing entity 'HandshakeSLV'
INFO: [VRFC 10-163] Analyzing VHDL file "C:/dev/github8/hdl-shared/deps/flexrio-deps/encrypted/fpgaDigitalDesigns.25.1.0f405/_h_381e204dc2/DmaPort/Dma/DmaFifo/PkgDmaPortDmaFifos.vhd" into library xil_defaultlib
INFO: [VRFC 10-163] Analyzing VHDL file "C:/dev/github8/hdl-shared/deps/flexrio-deps/encrypted/fpgaDigitalDesigns.25.1.0f405/_h_60a4178d66/source/NiFpgaFifoCountControl/source/NiFpgaFifoCountControl.vhd" into library xil_defaultlib
INFO: [VRFC 10-3107] analyzing entity 'NiFpgaFifoCountControl'
INFO: [VRFC 10-163] Analyzing VHDL file "C:/dev/github8/hdl-shared/host_interfaces/fifo/HDL/HdlSharedInputFifoInterface.vhd" into library xil_defaultlib
INFO: [VRFC 10-3107] analyzing entity 'HdlSharedInputFifoInterface'
INFO: [VRFC 10-163] Analyzing VHDL file "C:/dev/github8/hdl-shared/deps/flexrio-deps/encrypted/fpgaDigitalDesigns.25.1.0f405/_h_bba02d3110/source/PkgNiFpgaFifo/Source/PkgNiFpgaFifo.vhd" into library xil_defaultlib
INFO: [VRFC 10-163] Analyzing VHDL file "C:/dev/github8/hdl-shared/host_interfaces/fifo/objects/gatheredfiles/PkgFpgaDeviceSpecs.vhd" into library xil_defaultlib
INFO: [VRFC 10-163] Analyzing VHDL file "C:/dev/github8/hdl-shared/deps/flexrio-deps/encrypted/fpgaDigitalDesigns.25.1.0f405/_h_33a567e4dd/source/NiFpgaFlipFlopFifo/Source/NiFpgaFlipFlopFifo.vhd" into library xil_defaultlib
INFO: [VRFC 10-3107] analyzing entity 'NiFpgaFlipFlopFifo'
INFO: [VRFC 10-163] Analyzing VHDL file "C:/dev/github8/hdl-shared/deps/flexrio-deps/encrypted/fpgaDigitalDesigns.25.1.0f405/_h_bd99ce4e52/source/NiFpgaFifoPopBuffer/Source/LutRamFifoFlags.vhd" into library xil_defaultlib
INFO: [VRFC 10-3107] analyzing entity 'LutRamFifoFlags'
INFO: [VRFC 10-163] Analyzing VHDL file "C:/dev/github8/hdl-shared/deps/flexrio-deps/encrypted/fpgaDigitalDesigns.25.1.0f405/_h_39804f5515/source/NiFpgaFifoPopBuffer/Source/NiFpgaLowLatencyLutRam.vhd" into library xil_defaultlib
INFO: [VRFC 10-3107] analyzing entity 'NiFpgaLowLatencyLutRam'
INFO: [VRFC 10-163] Analyzing VHDL file "C:/dev/github8/hdl-shared/deps/flexrio-deps/encrypted/fpgaDigitalDesigns.25.1.0f405/_h_2f5f983460/source/NiFpgaFifoPopBuffer/Source/NiFpgaLutRamFifo.vhd" into library xil_defaultlib
INFO: [VRFC 10-3107] analyzing entity 'NiFpgaLutRamFifo'
INFO: [VRFC 10-163] Analyzing VHDL file "C:/dev/github8/hdl-shared/deps/flexrio-deps/encrypted/fpgaDigitalDesigns.25.1.0f405/_h_7806320814/source/NiFpgaFifoPopBuffer/Source/NiFpgaFifoPopBuffer.vhd" into library xil_defaultlib
INFO: [VRFC 10-3107] analyzing entity 'NiFpgaFifoPopBuffer'
INFO: [VRFC 10-163] Analyzing VHDL file "C:/dev/github8/hdl-shared/host_interfaces/fifo/HDL/HdlSharedOutputFifoInterface.vhd" into library xil_defaultlib
INFO: [VRFC 10-3107] analyzing entity 'HdlSharedOutputFifoInterface'
INFO: [VRFC 10-163] Analyzing VHDL file "C:/dev/github8/hdl-shared/host_interfaces/fifo/HDL/tb_HdlSharedHostFifo.vhd" into library xil_defaultlib
INFO: [VRFC 10-3107] analyzing entity 'tb_HdlSharedHostFifo'
